/*C1*/SET SCHEMA SYSTEM_LOBS
INSERT INTO BLOCKS VALUES(0,2147483647,0)
COMMIT
/*C2*/SET SCHEMA PUBLIC
DROP SCHEMA PUBLIC CASCADE
SET IGNORECASE TRUE
CREATE CACHED TABLE Header (ReportOrderNo int NOT NULL, CustomerCode VARCHAR(25),CustomerName VARCHAR(200),ClientId VARCHAR(100),CustRefField VARCHAR(100),FullName VARCHAR(50),BranchId VARCHAR(50),KendraId VARCHAR(50),AddnSearchField VARCHAR(100),Product VARCHAR(25),SuccessCode VARCHAR(10),Date VARCHAR(25),Time VARCHAR(25),HitCode INT )
CREATE INDEX Headeridx_reportOrderNo ON Header (ReportOrderNo)
CREATE INDEX Headeridx_BranchId ON Header (BranchId)
CREATE INDEX Headeridx_hitCodeAndBarnchId ON Header (HitCode,BranchId)
CREATE CACHED TABLE IdAndInfoRetail (ReportOrderNo int NOT NULL, PreviousName VARCHAR(50), AliasName VARCHAR(50), DOB VARCHAR(25), Age VARCHAR(10), Gender VARCHAR(25), TotalIncome VARCHAR(50), Occupation VARCHAR(50), VoterId VARCHAR(50), RationCard VARCHAR(50), UID VARCHAR(50), PAN VARCHAR(50), DriverLicence VARCHAR(50), PhotoCrdCard VARCHAR(50), OtherId VARCHAR(50), HomePhone  VARCHAR(50), OfficePhone VARCHAR(50), MobilePhone VARCHAR(50), AltHome VARCHAR(50), AltOffice VARCHAR(50), AltMobile VARCHAR(50), Email VARCHAR(50) )
CREATE INDEX IdAndInfoRetailidx ON IdAndInfoRetail (ReportOrderNo)
CREATE CACHED TABLE Address (ReportOrderNo int NOT NULL, SeqNum int,Address VARCHAR(1024),State VARCHAR (25),Postal VARCHAR(25),Type VARCHAR (25),DateReported DATE )
CREATE INDEX Addressidx_reportOrderNo ON Address (ReportOrderNo)
CREATE CACHED TABLE InquiryAddress (ReportOrderNo int NOT NULL, SeqNum int,Address VARCHAR(1024),State VARCHAR (25),Postal VARCHAR(25))
CREATE INDEX InquiryAddressidx ON InquiryAddress (ReportOrderNo)
CREATE CACHED TABLE InquiryAccount (ReportOrderNo int NOT NULL, SeqNum int,AccountNumber VARCHAR(1024),BranchIDMFI VARCHAR (25),KendraIDMFI VARCHAR(25))
CREATE INDEX InquiryAccountidx ON InquiryAccount (ReportOrderNo)
CREATE CACHED TABLE Score (ReportOrderNo int NOT NULL, ScoreName VARCHAR(30), ScoreValue VARCHAR(30) )
CREATE INDEX Scoreidx_reportOrderNo ON Score (ReportOrderNo)
CREATE CACHED TABLE ScoringElement (ReportOrderNo int NOT NULL, SeqNum int,Code VARCHAR(255),Description VARCHAR(255))
CREATE INDEX ScoringElementidx ON ScoringElement (ReportOrderNo)
CREATE CACHED TABLE RecentActivity (ReportOrderNo int NOT NULL, AccountsDeliquent VARCHAR(20), AccountsOpened VARCHAR(20), TotalInquiries VARCHAR(20), AccountsUpdated VARCHAR(20) )
CREATE INDEX RecentActivityidx ON RecentActivity (ReportOrderNo)
CREATE CACHED TABLE OtherKeyIndicator (ReportOrderNo int NOT NULL, AgeOldestTrade VARCHAR(20), NumOpenTrades VARCHAR(20), AllLinesWrittenOff VARCHAR(20), AllLinesWrittenOff9Month VARCHAR(20), AllLinesWrittenOff6Month VARCHAR(20) )
CREATE INDEX OtherKeyIndicatoridx ON OtherKeyIndicator (ReportOrderNo)
CREATE CACHED TABLE AccSummaryRetail (ReportOrderNo int NOT NULL, NoOfAccounts VARCHAR(50), NumActiveAcc VARCHAR(50), NumWriteOff VARCHAR(50), TotalPastDue VARCHAR(50), SevereStatus24Months VARCHAR(50), SingleHighestCredit VARCHAR(50), SingleHighestSanctionAmt VARCHAR(50), TotalHighCredit VARCHAR(50), AvgOpenBal VARCHAR(50), SingleHighestBal VARCHAR(50), NumPastDueAcc VARCHAR(50), NumZeroBalAcc VARCHAR(50), RecentAcc VARCHAR(100), OldestAcc VARCHAR(100), TotalBalAmt VARCHAR(50), TotalSanctionAmt VARCHAR(50), TotalCreditLimit VARCHAR(50), TotalMonthlyPayAmt VARCHAR(50) )
CREATE INDEX AccSummaryRetailidx ON AccSummaryRetail (ReportOrderNo)
CREATE CACHED TABLE EnquirySummary (ReportOrderNo int NOT NULL, Purpose VARCHAR(30), Total VARCHAR(20), Past30Days VARCHAR(20), Past12Months VARCHAR(20), Past24Months VARCHAR(20), Recent VARCHAR(20) )
CREATE INDEX EnquirySummaryidx ON EnquirySummary (ReportOrderNo)
CREATE CACHED TABLE AccountDetailsRetail (ReportOrderNo int NOT NULL, SeqNum int, AccNum VARCHAR(100), Institution VARCHAR(100), AccType VARCHAR(100), OwnershipType VARCHAR(100), Balance VARCHAR(100), PastDueAmt VARCHAR(100), LastPayment VARCHAR(100), WriteOffAmt VARCHAR(100), Open VARCHAR(100), SanctionAmt VARCHAR(100), HighCredit VARCHAR(100), LastPaymentDate DATE, DateReported DATE, DateOpened DATE, DateClosed DATE, DateSanctioned DATE, DateWriteOff DATE,Reason VARCHAR(100), InterestRate VARCHAR(100), RepaymentTenure VARCHAR(100), DisputeCode VARCHAR(100), TermFrequency VARCHAR(100), InstallmentAmt VARCHAR(100),CreditLimit VARCHAR(100), CollateralValue VARCHAR(100), CollateralType VARCHAR(100), AccountStatus VARCHAR(100), AssetClassification VARCHAR(100), SuitFiledStatus VARCHAR(100), PaymentMnths VARCHAR(1024), PaymentStat VARCHAR(1024), SuitFiledStat VARCHAR(1024), AssetClassiStat VARCHAR(1024) )
CREATE INDEX AccountDetailsRetailidx ON AccountDetailsRetail (ReportOrderNo)
CREATE CACHED TABLE InputEnquiry (ReportOrderNo int NOT NULL, FullName VARCHAR(255), DOB VARCHAR(25), Gender VARCHAR(10), AddnName1 VARCHAR(255), AddnNameType1 VARCHAR(10), AddnName2 VARCHAR(255), AddnNameType2 VARCHAR(10), InquiryPurpose VARCHAR(10), TransactionAmount VARCHAR(100), AddrLine1 VARCHAR(255), State VARCHAR(50), Postal VARCHAR(50), AdditionalSearchField VARCHAR(50), HomePhone VARCHAR(50), Mobile VARCHAR(50), PAN VARCHAR(50), VoterId VARCHAR(50), RationCard VARCHAR(50), UID VARCHAR(50), PassportId VARCHAR(50), DriverLicence VARCHAR(50), AddnId1 VARCHAR(50), AddnId2 VARCHAR(50) ) 
CREATE INDEX InputEnquiryidx_reportOrderNo ON InputEnquiry (ReportOrderNo)
SET SCHEMA PUBLIC
INSERT INTO INQUIRYADDRESS VALUES(90003371,1,NULL,NULL,NULL)
COMMIT
INSERT INTO HEADER VALUES(90003371,'****',NULL,'999****000',NULL,'RXYZ',NULL,NULL,NULL,'PCS','1','22-01-2015','18:15:06',10)
COMMIT
INSERT INTO INPUTENQUIRY VALUES(90003371,'RXYZ','1960-04-01',NULL,NULL,NULL,NULL,NULL,'16',NULL,'NO 127 ABC STREET XYZ NAGAR PQR POST MUMBAI','TN','110227',NULL,NULL,'9800000000',NULL,NULL,NULL,NULL,NULL,NULL,NULL,NULL)
COMMIT
INSERT INTO ADDRESS VALUES(90003371,1,'S/OKRISHNA K 31 VADIGHAR NAGAR,WEST STREET,TIRUKKOYILUR','TN','600007','N/A','2014-02-28')
COMMIT
INSERT INTO ADDRESS VALUES(90003371,2,'S/OKRISHNA K 31 VADIGHAR NAGAR,WEST STREET,KOLHAPUR','TN','600007','N/A','2013-11-30')
COMMIT
INSERT INTO ADDRESS VALUES(90003371,3,'S/OKRISHNA K,NO 127 WEST STREET,KOLHAPUR POST KOLHAPUR','TN','600007','N/A','2011-07-31')
COMMIT
INSERT INTO IDANDINFORETAIL VALUES(90003371,NULL,NULL,'1960-04-01','54','Male',NULL,NULL,NULL,NULL,NULL,'ATTTT3244T',NULL,NULL,NULL,NULL,NULL,'9800000000',NULL,NULL,NULL,NULL)
COMMIT
INSERT INTO SCORE VALUES(90003371,'M001','586')
COMMIT
INSERT INTO ACCSUMMARYRETAIL VALUES(90003371,'4','2','0','148979.00','New','0.00','450000.00','0.00','235054.00','321129.00','1','0','Gold Loan on 08-11-2013','Gold Loan on 02-04-2011','470108.00','594000.00','0.00','0.00')
COMMIT
INSERT INTO RECENTACTIVITY VALUES(90003371,'1','0','0','2')
COMMIT
INSERT INTO OTHERKEYINDICATOR VALUES(90003371,'45','2','0.00','0','0')
COMMIT
INSERT INTO ENQUIRYSUMMARY VALUES(90003371,'ALL','0','0','0','0',NULL)
COMMIT
INSERT INTO ACCOUNTDETAILSRETAIL VALUES(90003371,2,'**********','BANK','Housing Loan','Individual','321129',NULL,NULL,NULL,'Yes',NULL,'450000','2014-11-11','2014-11-30','2011-07-04',NULL,NULL,NULL,NULL,NULL,NULL,NULL,NULL,NULL,NULL,NULL,NULL,'Current Account','Standard',NULL,'12-14|11-14|10-14|09-14|08-14|07-14|06-14|05-14|04-14|03-14|02-14|01-14|12-13|11-13|10-13|09-13|08-13|07-13|06-13|05-13|04-13|03-13|02-13|01-13|12-12|11-12|10-12|09-12|08-12|07-12|06-12|05-12|04-12|03-12|02-12|01-12|12-11|11-11|10-11|09-11|08-11|07-11','*|000|000|000|000|000|000|000|000|000|000|000|000|000|000|000|000|000|000|000|000|000|000|000|000|000|000|000|000|000|000|000|000|000|000|31+|01+|31+|01+|000|000|NEW','*|*|*|*|*|*|*|*|*|*|*|*|*|*|*|*|*|*|*|*|*|*|*|*|*|*|*|*|*|*|*|*|*|*|*|*|*|*|*|*|*|*','*|STD|STD|STD|STD|STD|STD|STD|STD|STD|STD|STD|STD|STD|STD|STD|STD|STD|STD|STD|STD|STD|STD|STD|STD|STD|STD|STD|STD|STD|STD|STD|STD|STD|STD|STD|STD|STD|STD|STD|STD|STD')
COMMIT
INSERT INTO ACCOUNTDETAILSRETAIL VALUES(90003371,1,'**********','BANK','Gold Loan','Individual','148979','148979',NULL,NULL,'Yes',NULL,'144000','2014-07-09','2014-11-30','2013-11-08',NULL,NULL,NULL,NULL,NULL,NULL,NULL,NULL,NULL,NULL,NULL,NULL,'1-30 days past due','Standard',NULL,'12-14|11-14|10-14|09-14|08-14|07-14|06-14|05-14|04-14|03-14|02-14|01-14|12-13|11-13','*|01+|181+|181+|181+|181+|181+|121+|121+|91+|31+|31+|01+|NEW','*|*|*|*|*|*|*|*|*|*|*|*|*|*','*|STD|STD|STD|STD|STD|STD|STD|STD|STD|STD|STD|STD|STD')
COMMIT
INSERT INTO ACCOUNTDETAILSRETAIL VALUES(90003371,4,'**********','BANK','Gold Loan','Individual','0',NULL,NULL,NULL,'No',NULL,'107000','2012-05-02','2012-05-31','2011-04-02','2012-05-02',NULL,NULL,'Closed Account',NULL,NULL,NULL,NULL,NULL,NULL,NULL,NULL,'Closed Account','Standard',NULL,'12-14|11-14|10-14|09-14|08-14|07-14|06-14|05-14|04-14|03-14|02-14|01-14|12-13|11-13|10-13|09-13|08-13|07-13|06-13|05-13|04-13|03-13|02-13|01-13|12-12|11-12|10-12|09-12|08-12|07-12|06-12|05-12|04-12|03-12|02-12|01-12|12-11|11-11|10-11|09-11|08-11|07-11|06-11|05-11|04-11','*|*|*|*|*|*|*|*|*|*|*|*|*|*|*|*|*|*|*|*|*|*|*|*|*|*|*|*|*|*|*|CLSD|181+|181+|181+|181+|181+|181+|181+|181+|121+|91+|61+|31+|01+','*|*|*|*|*|*|*|*|*|*|*|*|*|*|*|*|*|*|*|*|*|*|*|*|*|*|*|*|*|*|*|*|*|*|*|*|*|*|*|*|*|*|*|*|*','*|*|*|*|*|*|*|*|*|*|*|*|*|*|*|*|*|*|*|*|*|*|*|*|*|*|*|*|*|*|*|STD|STD|STD|STD|STD|STD|STD|STD|STD|STD|STD|STD|STD|STD')
COMMIT
INSERT INTO ACCOUNTDETAILSRETAIL VALUES(90003371,3,'**********','BANK','Gold Loan','Individual','0',NULL,NULL,NULL,'No',NULL,'144000','2013-11-08','2013-11-30','2012-05-02','2013-11-08',NULL,NULL,'Closed Account',NULL,NULL,NULL,NULL,NULL,NULL,NULL,NULL,'Closed Account','Standard',NULL,'12-14|11-14|10-14|09-14|08-14|07-14|06-14|05-14|04-14|03-14|02-14|01-14|12-13|11-13|10-13|09-13|08-13|07-13|06-13|05-13|04-13|03-13|02-13|01-13|12-12|11-12|10-12|09-12|08-12|07-12|06-12|05-12','*|*|*|*|*|*|*|*|*|*|*|*|*|CLSD|181+|121+|121+|91+|31+|01+|181+|181+|181+|181+|181+|121+|121+|91+|61+|31+|000|NEW','*|*|*|*|*|*|*|*|*|*|*|*|*|*|*|*|*|*|*|*|*|*|*|*|*|*|*|*|*|*|*|*','*|*|*|*|*|*|*|*|*|*|*|*|*|STD|STD|STD|STD|STD|STD|STD|STD|STD|STD|STD|STD|STD|STD|STD|STD|STD|STD|STD')
COMMIT
INSERT INTO SCORINGELEMENT VALUES(90003371,1,'1b','Delinquent balance is mid-range')
COMMIT
INSERT INTO SCORINGELEMENT VALUES(90003371,2,'14b','No. of delinquent  tradelines in the last year are mid-range')
COMMIT
INSERT INTO SCORINGELEMENT VALUES(90003371,3,'10b','No. of delinquent  tradelines are mid-range')
COMMIT
INSERT INTO SCORINGELEMENT VALUES(90003371,4,'5b','No. of home loan tradelines are mid-range')
COMMIT
INSERT INTO SCORINGELEMENT VALUES(90003371,5,'11b','No. of satisfactory  tradelines are mid-range')
COMMIT
