[2017-08-02 17:04:27] local.ERROR: Symfony\Component\Debug\Exception\FatalThrowableError: Type error: Argument 1 passed to Illuminate\Routing\Middleware\ThrottleRequests::addHeaders() must be an instance of Symfony\Component\HttpFoundation\Response, string given, called in C:\xampp\htdocs\laravel_rb_new\vendor\laravel\framework\src\Illuminate\Routing\Middleware\ThrottleRequests.php on line 53 in C:\xampp\htdocs\laravel_rb_new\vendor\laravel\framework\src\Illuminate\Routing\Middleware\ThrottleRequests.php:97
Stack trace:
#0 C:\xampp\htdocs\laravel_rb_new\vendor\laravel\framework\src\Illuminate\Routing\Middleware\ThrottleRequests.php(53): Illuminate\Routing\Middleware\ThrottleRequests->addHeaders('Non-static meth...', '60', 59)
#1 C:\xampp\htdocs\laravel_rb_new\vendor\laravel\framework\src\Illuminate\Pipeline\Pipeline.php(137): Illuminate\Routing\Middleware\ThrottleRequests->handle(Object(Illuminate\Http\Request), Object(Closure), '60', '1')
#2 C:\xampp\htdocs\laravel_rb_new\vendor\laravel\framework\src\Illuminate\Routing\Pipeline.php(33): Illuminate\Pipeline\Pipeline->Illuminate\Pipeline\{closure}(Object(Illuminate\Http\Request))
#3 C:\xampp\htdocs\laravel_rb_new\vendor\laravel\framework\src\Illuminate\Pipeline\Pipeline.php(104): Illuminate\Routing\Pipeline->Illuminate\Routing\{closure}(Object(Illuminate\Http\Request))
#4 C:\xampp\htdocs\laravel_rb_new\vendor\laravel\framework\src\Illuminate\Routing\Router.php(655): Illuminate\Pipeline\Pipeline->then(Object(Closure))
#5 C:\xampp\htdocs\laravel_rb_new\vendor\laravel\framework\src\Illuminate\Routing\Router.php(629): Illuminate\Routing\Router->runRouteWithinStack(Object(Illuminate\Routing\Route), Object(Illuminate\Http\Request))
#6 C:\xampp\htdocs\laravel_rb_new\vendor\laravel\framework\src\Illuminate\Routing\Router.php(607): Illuminate\Routing\Router->dispatchToRoute(Object(Illuminate\Http\Request))
#7 C:\xampp\htdocs\laravel_rb_new\vendor\laravel\framework\src\Illuminate\Foundation\Http\Kernel.php(268): Illuminate\Routing\Router->dispatch(Object(Illuminate\Http\Request))
#8 C:\xampp\htdocs\laravel_rb_new\vendor\laravel\framework\src\Illuminate\Routing\Pipeline.php(53): Illuminate\Foundation\Http\Kernel->Illuminate\Foundation\Http\{closure}(Object(Illuminate\Http\Request))
#9 C:\xampp\htdocs\laravel_rb_new\vendor\laravel\framework\src\Illuminate\Foundation\Http\Middleware\CheckForMaintenanceMode.php(46): Illuminate\Routing\Pipeline->Illuminate\Routing\{closure}(Object(Illuminate\Http\Request))
#10 C:\xampp\htdocs\laravel_rb_new\vendor\laravel\framework\src\Illuminate\Pipeline\Pipeline.php(137): Illuminate\Foundation\Http\Middleware\CheckForMaintenanceMode->handle(Object(Illuminate\Http\Request), Object(Closure))
#11 C:\xampp\htdocs\laravel_rb_new\vendor\laravel\framework\src\Illuminate\Routing\Pipeline.php(33): Illuminate\Pipeline\Pipeline->Illuminate\Pipeline\{closure}(Object(Illuminate\Http\Request))
#12 C:\xampp\htdocs\laravel_rb_new\vendor\laravel\framework\src\Illuminate\Pipeline\Pipeline.php(104): Illuminate\Routing\Pipeline->Illuminate\Routing\{closure}(Object(Illuminate\Http\Request))
#13 C:\xampp\htdocs\laravel_rb_new\vendor\laravel\framework\src\Illuminate\Foundation\Http\Kernel.php(150): Illuminate\Pipeline\Pipeline->then(Object(Closure))
#14 C:\xampp\htdocs\laravel_rb_new\vendor\laravel\framework\src\Illuminate\Foundation\Http\Kernel.php(117): Illuminate\Foundation\Http\Kernel->sendRequestThroughRouter(Object(Illuminate\Http\Request))
#15 C:\xampp\htdocs\laravel_rb_new\public\index.php(53): Illuminate\Foundation\Http\Kernel->handle(Object(Illuminate\Http\Request))
#16 C:\xampp\htdocs\laravel_rb_new\server.php(21): require_once('C:\\xampp\\htdocs...')
#17 {main}  
[2017-08-02 19:11:59] local.ERROR: InvalidArgumentException: Please provide a valid cache path. in C:\xampp\htdocs\laravel_rb_new\vendor\laravel\framework\src\Illuminate\View\Compilers\Compiler.php:36
Stack trace:
#0 C:\xampp\htdocs\laravel_rb_new\vendor\laravel\framework\src\Illuminate\View\ViewServiceProvider.php(77): Illuminate\View\Compilers\Compiler->__construct(Object(Illuminate\Filesystem\Filesystem), false)
#1 C:\xampp\htdocs\laravel_rb_new\vendor\laravel\framework\src\Illuminate\Container\Container.php(746): Illuminate\View\ViewServiceProvider->Illuminate\View\{closure}(Object(Illuminate\Foundation\Application), Array)
#2 C:\xampp\htdocs\laravel_rb_new\vendor\laravel\framework\src\Illuminate\Container\Container.php(644): Illuminate\Container\Container->build(Object(Closure), Array)
#3 C:\xampp\htdocs\laravel_rb_new\vendor\laravel\framework\src\Illuminate\Foundation\Application.php(709): Illuminate\Container\Container->make('blade.compiler', Array)
#4 C:\xampp\htdocs\laravel_rb_new\vendor\laravel\framework\src\Illuminate\Container\Container.php(1203): Illuminate\Foundation\Application->make('blade.compiler')
#5 C:\xampp\htdocs\laravel_rb_new\vendor\laravel\framework\src\Illuminate\View\ViewServiceProvider.php(81): Illuminate\Container\Container->offsetGet('blade.compiler')
#6 [internal function]: Illuminate\View\ViewServiceProvider->Illuminate\View\{closure}()
#7 C:\xampp\htdocs\laravel_rb_new\vendor\laravel\framework\src\Illuminate\View\Engines\EngineResolver.php(54): call_user_func(Object(Closure))
#8 C:\xampp\htdocs\laravel_rb_new\vendor\laravel\framework\src\Illuminate\View\Factory.php(320): Illuminate\View\Engines\EngineResolver->resolve('blade')
#9 C:\xampp\htdocs\laravel_rb_new\vendor\laravel\framework\src\Illuminate\View\Factory.php(178): Illuminate\View\Factory->getEngineFromPath('C:\\xampp\\htdocs...')
#10 C:\xampp\htdocs\laravel_rb_new\vendor\laravel\framework\src\Illuminate\Routing\ResponseFactory.php(69): Illuminate\View\Factory->make('layout.missing', Array)
#11 C:\xampp\htdocs\laravel_rb_new\app\Exceptions\Handler.php(53): Illuminate\Routing\ResponseFactory->view('layout.missing', Array, 404)
#12 C:\xampp\htdocs\laravel_rb_new\vendor\laravel\framework\src\Illuminate\Routing\Pipeline.php(81): App\Exceptions\Handler->render(Object(Illuminate\Http\Request), Object(Symfony\Component\HttpKernel\Exception\NotFoundHttpException))
#13 C:\xampp\htdocs\laravel_rb_new\vendor\laravel\framework\src\Illuminate\Routing\Pipeline.php(55): Illuminate\Routing\Pipeline->handleException(Object(Illuminate\Http\Request), Object(Symfony\Component\HttpKernel\Exception\NotFoundHttpException))
#14 C:\xampp\htdocs\laravel_rb_new\vendor\laravel\framework\src\Illuminate\Foundation\Http\Middleware\CheckForMaintenanceMode.php(46): Illuminate\Routing\Pipeline->Illuminate\Routing\{closure}(Object(Illuminate\Http\Request))
#15 C:\xampp\htdocs\laravel_rb_new\vendor\laravel\framework\src\Illuminate\Pipeline\Pipeline.php(137): Illuminate\Foundation\Http\Middleware\CheckForMaintenanceMode->handle(Object(Illuminate\Http\Request), Object(Closure))
#16 C:\xampp\htdocs\laravel_rb_new\vendor\laravel\framework\src\Illuminate\Routing\Pipeline.php(33): Illuminate\Pipeline\Pipeline->Illuminate\Pipeline\{closure}(Object(Illuminate\Http\Request))
#17 C:\xampp\htdocs\laravel_rb_new\vendor\laravel\framework\src\Illuminate\Pipeline\Pipeline.php(104): Illuminate\Routing\Pipeline->Illuminate\Routing\{closure}(Object(Illuminate\Http\Request))
#18 C:\xampp\htdocs\laravel_rb_new\vendor\laravel\framework\src\Illuminate\Foundation\Http\Kernel.php(150): Illuminate\Pipeline\Pipeline->then(Object(Closure))
#19 C:\xampp\htdocs\laravel_rb_new\vendor\laravel\framework\src\Illuminate\Foundation\Http\Kernel.php(117): Illuminate\Foundation\Http\Kernel->sendRequestThroughRouter(Object(Illuminate\Http\Request))
#20 C:\xampp\htdocs\laravel_rb_new\public\index.php(53): Illuminate\Foundation\Http\Kernel->handle(Object(Illuminate\Http\Request))
#21 C:\xampp\htdocs\laravel_rb_new\server.php(21): require_once('C:\\xampp\\htdocs...')
#22 {main}  
[2017-08-02 19:12:01] local.ERROR: InvalidArgumentException: Please provide a valid cache path. in C:\xampp\htdocs\laravel_rb_new\vendor\laravel\framework\src\Illuminate\View\Compilers\Compiler.php:36
Stack trace:
#0 C:\xampp\htdocs\laravel_rb_new\vendor\laravel\framework\src\Illuminate\View\ViewServiceProvider.php(77): Illuminate\View\Compilers\Compiler->__construct(Object(Illuminate\Filesystem\Filesystem), false)
#1 C:\xampp\htdocs\laravel_rb_new\vendor\laravel\framework\src\Illuminate\Container\Container.php(746): Illuminate\View\ViewServiceProvider->Illuminate\View\{closure}(Object(Illuminate\Foundation\Application), Array)
#2 C:\xampp\htdocs\laravel_rb_new\vendor\laravel\framework\src\Illuminate\Container\Container.php(644): Illuminate\Container\Container->build(Object(Closure), Array)
#3 C:\xampp\htdocs\laravel_rb_new\vendor\laravel\framework\src\Illuminate\Foundation\Application.php(709): Illuminate\Container\Container->make('blade.compiler', Array)
#4 C:\xampp\htdocs\laravel_rb_new\vendor\laravel\framework\src\Illuminate\Container\Container.php(1203): Illuminate\Foundation\Application->make('blade.compiler')
#5 C:\xampp\htdocs\laravel_rb_new\vendor\laravel\framework\src\Illuminate\View\ViewServiceProvider.php(81): Illuminate\Container\Container->offsetGet('blade.compiler')
#6 [internal function]: Illuminate\View\ViewServiceProvider->Illuminate\View\{closure}()
#7 C:\xampp\htdocs\laravel_rb_new\vendor\laravel\framework\src\Illuminate\View\Engines\EngineResolver.php(54): call_user_func(Object(Closure))
#8 C:\xampp\htdocs\laravel_rb_new\vendor\laravel\framework\src\Illuminate\View\Factory.php(320): Illuminate\View\Engines\EngineResolver->resolve('blade')
#9 C:\xampp\htdocs\laravel_rb_new\vendor\laravel\framework\src\Illuminate\View\Factory.php(178): Illuminate\View\Factory->getEngineFromPath('C:\\xampp\\htdocs...')
#10 C:\xampp\htdocs\laravel_rb_new\vendor\laravel\framework\src\Illuminate\Foundation\helpers.php(858): Illuminate\View\Factory->make('lendingkart', Array, Array)
#11 C:\xampp\htdocs\laravel_rb_new\app\Http\Controllers\LoanController.php(688): view('lendingkart')
#12 [internal function]: App\Http\Controllers\LoanController->lendingkart()
#13 C:\xampp\htdocs\laravel_rb_new\vendor\laravel\framework\src\Illuminate\Routing\Controller.php(55): call_user_func_array(Array, Array)
#14 C:\xampp\htdocs\laravel_rb_new\vendor\laravel\framework\src\Illuminate\Routing\ControllerDispatcher.php(44): Illuminate\Routing\Controller->callAction('lendingkart', Array)
#15 C:\xampp\htdocs\laravel_rb_new\vendor\laravel\framework\src\Illuminate\Routing\Route.php(189): Illuminate\Routing\ControllerDispatcher->dispatch(Object(Illuminate\Routing\Route), Object(App\Http\Controllers\LoanController), 'lendingkart')
#16 C:\xampp\htdocs\laravel_rb_new\vendor\laravel\framework\src\Illuminate\Routing\Route.php(144): Illuminate\Routing\Route->runController()
#17 C:\xampp\htdocs\laravel_rb_new\vendor\laravel\framework\src\Illuminate\Routing\Router.php(653): Illuminate\Routing\Route->run(Object(Illuminate\Http\Request))
#18 C:\xampp\htdocs\laravel_rb_new\vendor\laravel\framework\src\Illuminate\Routing\Pipeline.php(53): Illuminate\Routing\Router->Illuminate\Routing\{closure}(Object(Illuminate\Http\Request))
#19 C:\xampp\htdocs\laravel_rb_new\vendor\laravel\framework\src\Illuminate\Routing\Middleware\SubstituteBindings.php(41): Illuminate\Routing\Pipeline->Illuminate\Routing\{closure}(Object(Illuminate\Http\Request))
#20 C:\xampp\htdocs\laravel_rb_new\vendor\laravel\framework\src\Illuminate\Pipeline\Pipeline.php(137): Illuminate\Routing\Middleware\SubstituteBindings->handle(Object(Illuminate\Http\Request), Object(Closure))
#21 C:\xampp\htdocs\laravel_rb_new\vendor\laravel\framework\src\Illuminate\Routing\Pipeline.php(33): Illuminate\Pipeline\Pipeline->Illuminate\Pipeline\{closure}(Object(Illuminate\Http\Request))
#22 C:\xampp\htdocs\laravel_rb_new\vendor\laravel\framework\src\Illuminate\Foundation\Http\Middleware\VerifyCsrfToken.php(65): Illuminate\Routing\Pipeline->Illuminate\Routing\{closure}(Object(Illuminate\Http\Request))
#23 C:\xampp\htdocs\laravel_rb_new\vendor\laravel\framework\src\Illuminate\Pipeline\Pipeline.php(137): Illuminate\Foundation\Http\Middleware\VerifyCsrfToken->handle(Object(Illuminate\Http\Request), Object(Closure))
#24 C:\xampp\htdocs\laravel_rb_new\vendor\laravel\framework\src\Illuminate\Routing\Pipeline.php(33): Illuminate\Pipeline\Pipeline->Illuminate\Pipeline\{closure}(Object(Illuminate\Http\Request))
#25 C:\xampp\htdocs\laravel_rb_new\vendor\laravel\framework\src\Illuminate\View\Middleware\ShareErrorsFromSession.php(49): Illuminate\Routing\Pipeline->Illuminate\Routing\{closure}(Object(Illuminate\Http\Request))
#26 C:\xampp\htdocs\laravel_rb_new\vendor\laravel\framework\src\Illuminate\Pipeline\Pipeline.php(137): Illuminate\View\Middleware\ShareErrorsFromSession->handle(Object(Illuminate\Http\Request), Object(Closure))
#27 C:\xampp\htdocs\laravel_rb_new\vendor\laravel\framework\src\Illuminate\Routing\Pipeline.php(33): Illuminate\Pipeline\Pipeline->Illuminate\Pipeline\{closure}(Object(Illuminate\Http\Request))
#28 C:\xampp\htdocs\laravel_rb_new\vendor\laravel\framework\src\Illuminate\Session\Middleware\StartSession.php(64): Illuminate\Routing\Pipeline->Illuminate\Routing\{closure}(Object(Illuminate\Http\Request))
#29 C:\xampp\htdocs\laravel_rb_new\vendor\laravel\framework\src\Illuminate\Pipeline\Pipeline.php(137): Illuminate\Session\Middleware\StartSession->handle(Object(Illuminate\Http\Request), Object(Closure))
#30 C:\xampp\htdocs\laravel_rb_new\vendor\laravel\framework\src\Illuminate\Routing\Pipeline.php(33): Illuminate\Pipeline\Pipeline->Illuminate\Pipeline\{closure}(Object(Illuminate\Http\Request))
#31 C:\xampp\htdocs\laravel_rb_new\vendor\laravel\framework\src\Illuminate\Cookie\Middleware\AddQueuedCookiesToResponse.php(37): Illuminate\Routing\Pipeline->Illuminate\Routing\{closure}(Object(Illuminate\Http\Request))
#32 C:\xampp\htdocs\laravel_rb_new\vendor\laravel\framework\src\Illuminate\Pipeline\Pipeline.php(137): Illuminate\Cookie\Middleware\AddQueuedCookiesToResponse->handle(Object(Illuminate\Http\Request), Object(Closure))
#33 C:\xampp\htdocs\laravel_rb_new\vendor\laravel\framework\src\Illuminate\Routing\Pipeline.php(33): Illuminate\Pipeline\Pipeline->Illuminate\Pipeline\{closure}(Object(Illuminate\Http\Request))
#34 C:\xampp\htdocs\laravel_rb_new\vendor\laravel\framework\src\Illuminate\Cookie\Middleware\EncryptCookies.php(59): Illuminate\Routing\Pipeline->Illuminate\Routing\{closure}(Object(Illuminate\Http\Request))
#35 C:\xampp\htdocs\laravel_rb_new\vendor\laravel\framework\src\Illuminate\Pipeline\Pipeline.php(137): Illuminate\Cookie\Middleware\EncryptCookies->handle(Object(Illuminate\Http\Request), Object(Closure))
#36 C:\xampp\htdocs\laravel_rb_new\vendor\laravel\framework\src\Illuminate\Routing\Pipeline.php(33): Illuminate\Pipeline\Pipeline->Illuminate\Pipeline\{closure}(Object(Illuminate\Http\Request))
#37 C:\xampp\htdocs\laravel_rb_new\vendor\laravel\framework\src\Illuminate\Pipeline\Pipeline.php(104): Illuminate\Routing\Pipeline->Illuminate\Routing\{closure}(Object(Illuminate\Http\Request))
#38 C:\xampp\htdocs\laravel_rb_new\vendor\laravel\framework\src\Illuminate\Routing\Router.php(655): Illuminate\Pipeline\Pipeline->then(Object(Closure))
#39 C:\xampp\htdocs\laravel_rb_new\vendor\laravel\framework\src\Illuminate\Routing\Router.php(629): Illuminate\Routing\Router->runRouteWithinStack(Object(Illuminate\Routing\Route), Object(Illuminate\Http\Request))
#40 C:\xampp\htdocs\laravel_rb_new\vendor\laravel\framework\src\Illuminate\Routing\Router.php(607): Illuminate\Routing\Router->dispatchToRoute(Object(Illuminate\Http\Request))
#41 C:\xampp\htdocs\laravel_rb_new\vendor\laravel\framework\src\Illuminate\Foundation\Http\Kernel.php(268): Illuminate\Routing\Router->dispatch(Object(Illuminate\Http\Request))
#42 C:\xampp\htdocs\laravel_rb_new\vendor\laravel\framework\src\Illuminate\Routing\Pipeline.php(53): Illuminate\Foundation\Http\Kernel->Illuminate\Foundation\Http\{closure}(Object(Illuminate\Http\Request))
#43 C:\xampp\htdocs\laravel_rb_new\vendor\laravel\framework\src\Illuminate\Foundation\Http\Middleware\CheckForMaintenanceMode.php(46): Illuminate\Routing\Pipeline->Illuminate\Routing\{closure}(Object(Illuminate\Http\Request))
#44 C:\xampp\htdocs\laravel_rb_new\vendor\laravel\framework\src\Illuminate\Pipeline\Pipeline.php(137): Illuminate\Foundation\Http\Middleware\CheckForMaintenanceMode->handle(Object(Illuminate\Http\Request), Object(Closure))
#45 C:\xampp\htdocs\laravel_rb_new\vendor\laravel\framework\src\Illuminate\Routing\Pipeline.php(33): Illuminate\Pipeline\Pipeline->Illuminate\Pipeline\{closure}(Object(Illuminate\Http\Request))
#46 C:\xampp\htdocs\laravel_rb_new\vendor\laravel\framework\src\Illuminate\Pipeline\Pipeline.php(104): Illuminate\Routing\Pipeline->Illuminate\Routing\{closure}(Object(Illuminate\Http\Request))
#47 C:\xampp\htdocs\laravel_rb_new\vendor\laravel\framework\src\Illuminate\Foundation\Http\Kernel.php(150): Illuminate\Pipeline\Pipeline->then(Object(Closure))
#48 C:\xampp\htdocs\laravel_rb_new\vendor\laravel\framework\src\Illuminate\Foundation\Http\Kernel.php(117): Illuminate\Foundation\Http\Kernel->sendRequestThroughRouter(Object(Illuminate\Http\Request))
#49 C:\xampp\htdocs\laravel_rb_new\public\index.php(53): Illuminate\Foundation\Http\Kernel->handle(Object(Illuminate\Http\Request))
#50 C:\xampp\htdocs\laravel_rb_new\server.php(21): require_once('C:\\xampp\\htdocs...')
#51 {main}  
[2017-08-02 19:12:01] local.ERROR: ErrorException: file_put_contents(C:\xampp\htdocs\laravel_rb_new\storage\framework/sessions/Pb4iH6X3tXS4kssJOYYetSoSFNvj5hMdK8znpaOb): failed to open stream: No such file or directory in C:\xampp\htdocs\laravel_rb_new\vendor\laravel\framework\src\Illuminate\Filesystem\Filesystem.php:111
Stack trace:
#0 [internal function]: Illuminate\Foundation\Bootstrap\HandleExceptions->handleError(2, 'file_put_conten...', 'C:\\xampp\\htdocs...', 111, Array)
#1 C:\xampp\htdocs\laravel_rb_new\vendor\laravel\framework\src\Illuminate\Filesystem\Filesystem.php(111): file_put_contents('C:\\xampp\\htdocs...', 'a:4:{s:6:"_toke...', 2)
#2 C:\xampp\htdocs\laravel_rb_new\vendor\laravel\framework\src\Illuminate\Session\FileSessionHandler.php(83): Illuminate\Filesystem\Filesystem->put('C:\\xampp\\htdocs...', 'a:4:{s:6:"_toke...', true)
#3 C:\xampp\htdocs\laravel_rb_new\vendor\laravel\framework\src\Illuminate\Session\Store.php(263): Illuminate\Session\FileSessionHandler->write('Pb4iH6X3tXS4kss...', 'a:4:{s:6:"_toke...')
#4 C:\xampp\htdocs\laravel_rb_new\vendor\laravel\framework\src\Illuminate\Session\Middleware\StartSession.php(88): Illuminate\Session\Store->save()
#5 C:\xampp\htdocs\laravel_rb_new\vendor\laravel\framework\src\Illuminate\Foundation\Http\Kernel.php(177): Illuminate\Session\Middleware\StartSession->terminate(Object(Illuminate\Http\Request), Object(Illuminate\Http\Response))
#6 C:\xampp\htdocs\laravel_rb_new\public\index.php(58): Illuminate\Foundation\Http\Kernel->terminate(Object(Illuminate\Http\Request), Object(Illuminate\Http\Response))
#7 C:\xampp\htdocs\laravel_rb_new\server.php(21): require_once('C:\\xampp\\htdocs...')
#8 {main}  
