/*C3*/SET SCHEMA PUBLIC
DROP SCHEMA PUBLIC CASCADE
SET IGNORECASE TRUE
CREATE CACHED TABLE Header (ReportOrderNo int NOT NULL, CustomerCode VARCHAR(25),CustomerName VARCHAR(200),ClientId VARCHAR(100),CustRefField VARCHAR(100),FullName VARCHAR(50),BranchId VARCHAR(50),KendraId VARCHAR(50),AddnSearchField VARCHAR(100),Product VARCHAR(25),SuccessCode VARCHAR(10),Date VARCHAR(25),Time VARCHAR(25),HitCode INT )
CREATE INDEX Headeridx_reportOrderNo ON Header (ReportOrderNo)
CREATE INDEX Headeridx_BranchId ON Header (BranchId)
CREATE INDEX Headeridx_hitCodeAndBarnchId ON Header (HitCode,BranchId)
CREATE CACHED TABLE InputEnquiry (ReportOrderNo int NOT NULL, FullName VARCHAR(255), DOB VARCHAR(25), Gender VARCHAR(10), AddnName1 VARCHAR(255), AddnNameType1 VARCHAR(10), AddnName2 VARCHAR(255), AddnNameType2 VARCHAR(10), InquiryPurpose VARCHAR(10), TransactionAmount VARCHAR(100), AddrLine1 VARCHAR(255), State VARCHAR(50), Postal VARCHAR(50), AdditionalSearchField VARCHAR(50), HomePhone VARCHAR(50), Mobile VARCHAR(50), PAN VARCHAR(50), VoterId VARCHAR(50), RationCard VARCHAR(50), UID VARCHAR(50), PassportId VARCHAR(50), DriverLicence VARCHAR(50), AddnId1 VARCHAR(50), AddnId2 VARCHAR(50) ) 
CREATE INDEX InputEnquiryidx_reportOrderNo ON InputEnquiry (ReportOrderNo)
CREATE CACHED TABLE AccountDetails (ReportOrderNo int NOT NULL, AdditionalSearchField VARCHAR(255), SeqNum INT, Name VARCHAR(255),MemberID VARCHAR(255),DOB VARCHAR(25),Gender VARCHAR(255),VoterID VARCHAR(255),RationCard VARCHAR(255),UID VARCHAR(255),PAN VARCHAR(255),OtherID VARCHAR(255),Address VARCHAR(255),Postal VARCHAR(255),State VARCHAR(255),BranchID VARCHAR(255),KendraID VARCHAR(255),AccNo VARCHAR(255),CurrBal DOUBLE,AccStatus VARCHAR(255),DateReported DATE,Institution VARCHAR(255),PastDueAmt DOUBLE,DisbursedAmt DOUBLE,DateOpened DATE,LoanCategory VARCHAR(255),LastPayment DOUBLE,LastPaymentDate DATE,DateClosed DATE,LoanPurpose VARCHAR(255),WriteOffAmt DOUBLE,Reason VARCHAR(255),DateWrittenOff DATE,LoanCycleId VARCHAR(255),RepaymentTenure VARCHAR_IGNORECASE(255),SanctionAmt DOUBLE,DateSanctioned DATE,NoOfInstallments INT,InstallmentAmt DOUBLE,AppliedAmt DOUBLE,DateApplied DATE,KeyPerson VARCHAR(255),KeyPersonRelation VARCHAR(255),NomineeName VARCHAR(255),NomineeRelation VARCHAR(255),PaymentMnths VARCHAR(1024),PaymentStat VARCHAR(1024) , GroupAccount VARCHAR(50) DEFAULT NULL )
CREATE INDEX AccountDetailsidx ON AccountDetails (ReportOrderNo)
CREATE CACHED TABLE IncomeDetails (ReportOrderNo int NOT NULL, SeqNum INT, Occupation VARCHAR(100),MonthlyIncome INT,MonthlyExpense INT,PovertyIndex INT,AssetOwnership VARCHAR(10),DateReported DATE )
CREATE INDEX IncomeDetailsidx ON IncomeDetails (ReportOrderNo)
CREATE CACHED TABLE AccountSummary (ReportOrderNo int NOT NULL, NumActiveAcc VARCHAR(50),NumPastDueAcc VARCHAR(50),TotalBalAmt VARCHAR(50),TotalPastDue VARCHAR(50),TotalMonthlyPayAmt VARCHAR(50),TotalWrittenOffAmt VARCHAR(50), GroupAccount VARCHAR(50) DEFAULT NULL )
CREATE INDEX AccountSummaryidx ON AccountSummary (ReportOrderNo)
CREATE INDEX AccountSummaryidx_GroupAccount ON AccountSummary (ReportOrderNo,GroupAccount)
CREATE CACHED TABLE Enquiries (ReportOrderNo int NOT NULL, SeqNum int,Institution VARCHAR(255),Date DATE,Time VARCHAR(25),RequestPurpose VARCHAR(25),Amount VARCHAR(50) )
CREATE INDEX Enquiriesidx ON Enquiries (ReportOrderNo)
CREATE CACHED TABLE Address (ReportOrderNo int NOT NULL, SeqNum int,Address VARCHAR(1024),State VARCHAR (25),Postal VARCHAR(25),Type VARCHAR (25),DateReported DATE )
CREATE INDEX Addressidx_reportOrderNo ON Address (ReportOrderNo)
CREATE CACHED TABLE InquiryAddress (ReportOrderNo int NOT NULL, SeqNum int,Address VARCHAR(1024),State VARCHAR (25),Postal VARCHAR(25))
CREATE INDEX InquiryAddressidx ON InquiryAddress (ReportOrderNo)
CREATE CACHED TABLE InquiryAccount (ReportOrderNo int NOT NULL, SeqNum int,AccountNumber VARCHAR(1024),BranchIDMFI VARCHAR (25),KendraIDMFI VARCHAR(25))
CREATE INDEX InquiryAccountidx ON InquiryAccount (ReportOrderNo)
CREATE CACHED TABLE IdAndInfo (ReportOrderNo int NOT NULL, PreviousName VARCHAR(50),AliasName VARCHAR(50),DOB VARCHAR(25),Age VARCHAR(10),Gender VARCHAR(25),MaritalStatus VARCHAR(50),VoterId VARCHAR(50),RationCard VARCHAR(50),UID VARCHAR(50),PAN VARCHAR(50),OtherId1 VARCHAR(50),OtherId2 VARCHAR(50),NoOfDependents VARCHAR(10),AddnName1 VARCHAR(100),AddnNameType1 VARCHAR(10),AddnName2 VARCHAR(100),AddnNameType2 VARCHAR(10) )
CREATE INDEX IdAndInfoidx_reportOrderNo ON IdAndInfo (ReportOrderNo)
CREATE CACHED TABLE Score (ReportOrderNo int NOT NULL, ScoreName VARCHAR(30), ScoreValue VARCHAR(30) )
CREATE INDEX Scoreidx_reportOrderNo ON Score (ReportOrderNo)
SET SCHEMA PUBLIC
INSERT INTO INQUIRYADDRESS VALUES(538743753,1,NULL,NULL,NULL)
COMMIT
INSERT INTO HEADER VALUES(538743753,'RSPV',NULL,'027FP14254','417476','Praveen',NULL,NULL,NULL,'PCS','1','22-05-2018','14:59:12',11)
COMMIT
INSERT INTO INPUTENQUIRY VALUES(538743753,'Praveen','1991-12-03',NULL,NULL,NULL,NULL,NULL,'01',NULL,'Nav Bharat Seva Sangh,Hnauman Tekdi,Gate No 1,R.No A/79,Santacruz East','MH','400055',NULL,NULL,'7506010213','CEAPK5523G',NULL,NULL,NULL,NULL,NULL,NULL,NULL)
COMMIT
INSERT INTO ADDRESS VALUES(538743753,1,'A79 HANUMAN TEKDI GATE NO1 HANIF CHAWL,NEAR REGENCY HOTEL,SANTACRUZEAST MUMBAI','MH','400055','Primary','2018-01-31')
COMMIT
INSERT INTO ADDRESS VALUES(538743753,2,'PHOENIX MARKET CITY,1ST FLOOR,THE CENTRIUM KAMANI LBS RD,KURLA WEST MUMBAI','MH','400070','Office','2018-01-31')
COMMIT
INSERT INTO ADDRESS VALUES(538743753,3,'C 605 TITANIUM SQUARE THALTEJ CROSS ROAD,SG ROAD,AHMEDABAD AHMEDABAD','GJ','380054','Office','2018-01-31')
COMMIT
INSERT INTO IDANDINFO VALUES(538743753,NULL,NULL,'1991-12-03','26','Male',NULL,NULL,NULL,NULL,'CEAPK5523G',NULL,NULL,NULL,NULL,NULL,NULL,NULL)
COMMIT
INSERT INTO SCORE VALUES(538743753,'M001','478')
COMMIT
INSERT INTO ACCOUNTSUMMARY VALUES(538743753,'1','1','19263.00','1667.00','0.00',NULL,NULL)
COMMIT
INSERT INTO ENQUIRIES VALUES(538743753,1,'Rishti Stock & Share Pvt Ltd','2018-05-22','14:51','01',NULL)
COMMIT
INSERT INTO ENQUIRIES VALUES(538743753,2,'Rishti Stock & Share Pvt Ltd','2018-05-22','13:45','01',NULL)
COMMIT
INSERT INTO ENQUIRIES VALUES(538743753,3,'Rishti Stock & Share Pvt Ltd','2018-05-22','13:44','01',NULL)
COMMIT
INSERT INTO ENQUIRIES VALUES(538743753,4,'Rishti Stock & Share Pvt Ltd','2018-05-22','13:43','01',NULL)
COMMIT
INSERT INTO ENQUIRIES VALUES(538743753,5,'Rishti Stock & Share Pvt Ltd','2018-05-22','13:43','01',NULL)
COMMIT
INSERT INTO ENQUIRIES VALUES(538743753,6,'Rishti Stock & Share Pvt Ltd','2018-05-22','13:42','01',NULL)
COMMIT
INSERT INTO ENQUIRIES VALUES(538743753,7,'Rishti Stock & Share Pvt Ltd','2018-05-22','13:41','01',NULL)
COMMIT
INSERT INTO ENQUIRIES VALUES(538743753,8,'Rishti Stock & Share Pvt Ltd','2018-05-22','12:04','01',NULL)
COMMIT
INSERT INTO ENQUIRIES VALUES(538743753,9,'Rishti Stock & Share Pvt Ltd','2018-05-22','12:02','01',NULL)
COMMIT
INSERT INTO ENQUIRIES VALUES(538743753,10,'Rishti Stock & Share Pvt Ltd','2018-05-22','12:01','01',NULL)
COMMIT
INSERT INTO ENQUIRIES VALUES(538743753,11,'Rishti Stock & Share Pvt Ltd','2018-05-21','19:08','04',NULL)
COMMIT
INSERT INTO ENQUIRIES VALUES(538743753,12,'Rishti Stock & Share Pvt Ltd','2018-05-21','19:07','04',NULL)
COMMIT
INSERT INTO ENQUIRIES VALUES(538743753,13,'Rishti Stock & Share Pvt Ltd','2018-05-21','19:06','04',NULL)
COMMIT
INSERT INTO ENQUIRIES VALUES(538743753,14,'Rishti Stock & Share Pvt Ltd','2018-05-21','19:06','04',NULL)
COMMIT
INSERT INTO ENQUIRIES VALUES(538743753,15,'Rishti Stock & Share Pvt Ltd','2018-05-21','16:04','04',NULL)
COMMIT
INSERT INTO ENQUIRIES VALUES(538743753,16,'Rishti Stock & Share Pvt Ltd','2018-05-21','15:10','01',NULL)
COMMIT
INSERT INTO ENQUIRIES VALUES(538743753,17,'Rishti Stock & Share Pvt Ltd','2018-05-21','14:30','01',NULL)
COMMIT
INSERT INTO ENQUIRIES VALUES(538743753,18,'Rishti Stock & Share Pvt Ltd','2018-05-21','14:30','01',NULL)
COMMIT
INSERT INTO ENQUIRIES VALUES(538743753,19,'Rishti Stock & Share Pvt Ltd','2018-05-21','14:08','01',NULL)
COMMIT
INSERT INTO ENQUIRIES VALUES(538743753,20,'Rishti Stock & Share Pvt Ltd','2018-05-21','13:09','01',NULL)
COMMIT
INSERT INTO ENQUIRIES VALUES(538743753,21,'Rishti Stock & Share Pvt Ltd','2018-04-18','11:50','11',NULL)
COMMIT
INSERT INTO ENQUIRIES VALUES(538743753,22,'Rishti Stock & Share Pvt Ltd','2018-04-16','17:31','05',NULL)
COMMIT
INSERT INTO ACCOUNTDETAILS VALUES(538743753,NULL,1,NULL,NULL,NULL,NULL,NULL,NULL,NULL,NULL,NULL,NULL,NULL,NULL,NULL,NULL,' **********',NULL,'1-29 days past due','2018-04-30','BANK',1667.0E0,NULL,'2017-01-29',NULL,500.0E0,'2018-04-13',NULL,NULL,NULL,NULL,NULL,NULL,NULL,NULL,NULL,NULL,NULL,NULL,NULL,NULL,NULL,NULL,NULL,NULL,NULL,NULL)
COMMIT
